set ucliGUI::state
set ucliGUI::state
ucliCore::getToolPID
synopsys::env hasTB
trigger_hier_stack_context_switch 0
synUtils::setDVEInitPhase 1
synopsys::dump -type VPD -file /afs/ee.ust.hk/staff/ee/cmfanab/vlsi_project/assignment1/behav_sim/inter.vpd -locking
synopsys::dump -autoflush on -fid VPD0
set ::dve_fid VPD0
synUtils::setDVEInitPhase 0
ucliCore::getToolPID
synUtils::sendTool -active _icl_setToolSocket /tmp/smlnpJHaFn3
synUtils::sendTool -active {_icl_start_rpc -version "Q-2020.03-SP1-1_Full64" -sync_file /tmp/vcs_dve_rpc.cmfanab.20341}
synUtils::sendTool -active {_icl_createSharedMemory /tmp/vcs_dve_general.cmfanab.20341}
config endofsim noexit
config onfail enable all
config syscaddplainmembers
config syscaddsourcenames
config syscaddstructtypes
synopsys::listing -disable
synopsys::dump -add {tb.uut.control.ALUOp_o tb.uut.control.ALUSrc_o tb.uut.control.ImmSel_o tb.uut.control.MemRd_o tb.uut.control.MemToReg_o tb.uut.control.MemWr_o tb.uut.control.Op_i tb.uut.control.PCSrc_o tb.uut.control.RegDst_o tb.uut.control.RegWrite_o } -aggregates  -fid VPD0
synopsys::run
set ucliGUI::state
set ucliGUI::state
set ucliGUI::state
set ucliGUI::state
ucliCore::getToolPID
