23:51:50    16 -->                                                             [tcl] ucliGUI::connect -toolargs -ucligui -toolexe ./simv -pid 21163 -toolin /tmp/vcs_20220502155143_21162_cmfanab..stdin -toolout /tmp/vcs_20220502155143_21162_cmfanab..stdout  
23:51:50    17 -->                                                                 [tcl] set ucliGUI::state
23:51:50    18 -->                                                                     [tcl] gui_update_simulator_buttons
23:51:54    19 -->                                                                         [tcl] set ucliGUI::state
23:51:54    20 -->                                                                             [tcl] ucliCore::getToolPID
23:51:54    21 -->                                                                                 [tcl] synopsys::env hasTB
23:51:54    22 -->                                                                                     [tcl] trigger_hier_stack_context_switch 0
23:51:54    23 -->                                                                                         [tcl] synUtils::setDVEInitPhase 1
23:51:54    24 -->                                                                                             [tcl] gui_get_env SIMSETUP::SIMVPD
23:51:54    25 --> ...  [tcl] synopsys::dump -type VPD -file /afs/ee.ust.hk/staff/ee/cmfanab/vlsi_project/assignment1/syn_sim/inter.vpd -locking
23:51:54    26 --> ...      [tcl] synopsys::dump -autoflush on -fid VPD0
23:51:54    27 --> ...          [tcl] set ::dve_fid VPD0
23:51:54    28 --> ...              [tcl] synUtils::setDVEInitPhase 0
23:51:54    29 --> ...                  [tcl] ucliCore::getToolPID
23:51:54    30 --> ...                      [tcl] synUtils::sendTool -active _icl_setToolSocket /tmp/smlnpcXXnVf
23:51:54    31 --> ...                          [tcl] synUtils::sendTool -active {_icl_start_rpc -version "Q-2020.03-SP1-1_Full64" -sync_file /tmp/vcs_dve_rpc.cmfanab.21163}
23:51:54    32 --> ...                              [tcl] synUtils::sendTool -active {_icl_createSharedMemory /tmp/vcs_dve_general.cmfanab.21163}
23:51:54    33 --> ...                                  [tcl] dveMisc::vbusExpand fir_tb
23:51:54    34 --> ...                                      [tcl] config endofsim noexit
23:51:54    35 --> ...                                          [tcl] config onfail enable all
23:51:54    36 --> ...                                              [tcl] config syscaddplainmembers
23:51:54    37 --> ...                                                  [tcl] config syscaddsourcenames
23:51:54    38 --> ...                                                      [tcl] config syscaddstructtypes
23:51:54    39 --> ...                                                          [tcl] synopsys::listing -disable
23:52:00    40 --> ...                                                              [tcl] synopsys::dump -add {fir_tb.CLK_PERIOD fir_tb.clk fir_tb.complete fir_tb.data_in fir_tb.data_out fir_tb.enable fir_tb.i fir_tb.rst_n fir_tb.tap } -aggregates  -fid VPD0
23:52:04    41 --> ...                                                                  [tcl] dveMisc::vbusExpand fir_tb.uut
23:52:08    42 --> ...                                                                      [tcl] ucliGUI::vpdAddHierarchy -scope fir_tb.uut -depth 1 -file /afs/ee.ust.hk/staff/ee/cmfanab/vlsi_project/assignment1/syn_sim/inter.vpd; synopsys::dump -flush VPD0
23:52:09    43 --> ...                                                                          [tcl] synopsys::dump -add {fir_tb.uut.N1000 fir_tb.uut.N1001 fir_tb.uut.N1002 fir_tb.uut.N1003 fir_tb.uut.N1004 fir_tb.uut.N1005 fir_tb.uut.N1006 fir_tb.uut.N1007 fir_tb.uut.N1008 fir_tb.uut.N1009 fir_tb.uut.N1010 fir_tb.uut.N1011 fir_tb.uut.N1012 fir_tb.uut.N1013 fir_tb.uut.N1014 fir_tb.uut.N506 fir_tb.uut.N507 fir_tb.uut.N508 fir_tb.uut.N509 fir_tb.uut.N510 fir_tb.uut.N511 fir_tb.uut.N512 fir_tb.uut.N513 fir_tb.uut.N514 fir_tb.uut.N515 fir_tb.uut.N516 fir_tb.uut.N517 fir_tb.uut.N518 fir_tb.uut.N519 fir_tb.uut.N520 fir_tb.uut.N521 fir_tb.uut.N530 fir_tb.uut.N531 fir_tb.uut.N532 fir_tb.uut.N533 fir_tb.uut.N534 fir_tb.uut.N535 fir_tb.uut.N536 fir_tb.uut.N537 fir_tb.uut.N538 fir_tb.uut.N539 fir_tb.uut.N540 fir_tb.uut.N541 fir_tb.uut.N542 fir_tb.uut.N543 fir_tb.uut.N544 fir_tb.uut.N545 fir_tb.uut.N547 fir_tb.uut.N548 fir_tb.uut.N549 fir_tb.uut.N550 fir_tb.uut.N551 fir_tb.uut.N552 fir_tb.uut.N553 fir_tb.uut.N554 fir_tb.uut.N555 fir_tb.uut.N556 fir_tb.uut.N557 fir_tb.uut.N558 fir_tb.uut.N559 fir_tb.uut.N560 fir_tb.uut.N561 fir_tb.uut.N562 fir_tb.uut.N619 fir_tb.uut.N620 fir_tb.uut.N621 fir_tb.uut.N622 fir_tb.uut.N623 fir_tb.uut.N624 fir_tb.uut.N625 fir_tb.uut.N626 fir_tb.uut.N627 fir_tb.uut.N628 fir_tb.uut.N629 fir_tb.uut.N630 fir_tb.uut.N631 fir_tb.uut.N632 fir_tb.uut.N633 fir_tb.uut.N634 fir_tb.uut.N635 fir_tb.uut.N706 fir_tb.uut.N707 fir_tb.uut.N708 fir_tb.uut.N709 fir_tb.uut.N710 fir_tb.uut.N711 fir_tb.uut.N712 fir_tb.uut.N713 fir_tb.uut.N714 fir_tb.uut.N715 fir_tb.uut.N716 fir_tb.uut.N717 fir_tb.uut.N718 fir_tb.uut.N719 fir_tb.uut.N720 fir_tb.uut.N721 fir_tb.uut.N722 fir_tb.uut.N746 fir_tb.uut.N747 fir_tb.uut.N748 fir_tb.uut.N749 fir_tb.uut.N750 fir_tb.uut.N751 fir_tb.uut.N752 fir_tb.uut.N753 fir_tb.uut.N754 fir_tb.uut.N755 fir_tb.uut.N756 fir_tb.uut.N757 fir_tb.uut.N758 fir_tb.uut.N759 fir_tb.uut.N760 fir_tb.uut.N761 fir_tb.uut.N762 fir_tb.uut.N783 fir_tb.uut.N784 fir_tb.uut.N785 fir_tb.uut.N786 fir_tb.uut.N787 fir_tb.uut.N788 fir_tb.uut.N789 fir_tb.uut.N790 fir_tb.uut.N791 fir_tb.uut.N792 fir_tb.uut.N793 fir_tb.uut.N794 fir_tb.uut.N795 fir_tb.uut.N796 fir_tb.uut.N797 fir_tb.uut.N798 fir_tb.uut.N799 fir_tb.uut.N800 fir_tb.uut.N895 fir_tb.uut.N896 fir_tb.uut.N897 fir_tb.uut.N898 fir_tb.uut.N899 fir_tb.uut.N900 fir_tb.uut.N901 fir_tb.uut.N902 fir_tb.uut.N903 fir_tb.uut.N904 fir_tb.uut.N905 fir_tb.uut.N906 fir_tb.uut.N907 fir_tb.uut.N908 fir_tb.uut.N909 fir_tb.uut.N910 fir_tb.uut.N911 fir_tb.uut.N912 fir_tb.uut.N998 fir_tb.uut.N999 fir_tb.uut.SYNOPSYS_UNCONNECTED_1 fir_tb.uut.SYNOPSYS_UNCONNECTED_2 fir_tb.uut.SYNOPSYS_UNCONNECTED_3 fir_tb.uut.SYNOPSYS_UNCONNECTED_4 fir_tb.uut.SYNOPSYS_UNCONNECTED_5 fir_tb.uut.SYNOPSYS_UNCONNECTED_6 fir_tb.uut.add_stage1 fir_tb.uut.add_stage2 fir_tb.uut.clk fir_tb.uut.complete fir_tb.uut.data_in fir_tb.uut.data_out fir_tb.uut.data_reg_0 fir_tb.uut.data_reg_1 fir_tb.uut.data_reg_2 fir_tb.uut.data_reg_3 fir_tb.uut.data_reg_4 fir_tb.uut.data_reg_5 fir_tb.uut.enable fir_tb.uut.mul_stage fir_tb.uut.multiplication_0 fir_tb.uut.multiplication_1 fir_tb.uut.multiplication_2 fir_tb.uut.multiplication_3 fir_tb.uut.multiplication_4 fir_tb.uut.multiplication_5 fir_tb.uut.n171 fir_tb.uut.n172 fir_tb.uut.n173 fir_tb.uut.n174 fir_tb.uut.n175 fir_tb.uut.n176 fir_tb.uut.n177 fir_tb.uut.n178 fir_tb.uut.n179 fir_tb.uut.n180 fir_tb.uut.n181 fir_tb.uut.n182 fir_tb.uut.n183 fir_tb.uut.n184 fir_tb.uut.n185 fir_tb.uut.n186 fir_tb.uut.n187 fir_tb.uut.n188 fir_tb.uut.n189 fir_tb.uut.n190 fir_tb.uut.n191 fir_tb.uut.n192 fir_tb.uut.n193 fir_tb.uut.n194 fir_tb.uut.n195 fir_tb.uut.n196 fir_tb.uut.n197 fir_tb.uut.n198 fir_tb.uut.n199 fir_tb.uut.n200 fir_tb.uut.n201 fir_tb.uut.n202 fir_tb.uut.n203 fir_tb.uut.n204 fir_tb.uut.n205 fir_tb.uut.n206 fir_tb.uut.n207 fir_tb.uut.n208 fir_tb.uut.n209 fir_tb.uut.n210 fir_tb.uut.n211 fir_tb.uut.n212 fir_tb.uut.n213 fir_tb.uut.n214 fir_tb.uut.n215 fir_tb.uut.n216 fir_tb.uut.n217 fir_tb.uut.n218 fir_tb.uut.n219 fir_tb.uut.n220 fir_tb.uut.n221 fir_tb.uut.n222 fir_tb.uut.n223 fir_tb.uut.n224 fir_tb.uut.n225 fir_tb.uut.n226 fir_tb.uut.n227 fir_tb.uut.n228 fir_tb.uut.n229 fir_tb.uut.n230 fir_tb.uut.n231 fir_tb.uut.n232 fir_tb.uut.n233 fir_tb.uut.n234 fir_tb.uut.n235 fir_tb.uut.n236 fir_tb.uut.n237 fir_tb.uut.n238 fir_tb.uut.n239 fir_tb.uut.n240 fir_tb.uut.n241 fir_tb.uut.n242 fir_tb.uut.n243 fir_tb.uut.n244 fir_tb.uut.n245 fir_tb.uut.n246 fir_tb.uut.n247 fir_tb.uut.n248 fir_tb.uut.n249 fir_tb.uut.n250 fir_tb.uut.n251 fir_tb.uut.n252 fir_tb.uut.n253 fir_tb.uut.n254 fir_tb.uut.n255 fir_tb.uut.n256 fir_tb.uut.n257 fir_tb.uut.n258 fir_tb.uut.n259 fir_tb.uut.n260 fir_tb.uut.n261 fir_tb.uut.n262 fir_tb.uut.n263 fir_tb.uut.n264 fir_tb.uut.n265 fir_tb.uut.n266 fir_tb.uut.n267 fir_tb.uut.n268 fir_tb.uut.n279 fir_tb.uut.n280 fir_tb.uut.n281 fir_tb.uut.n282 fir_tb.uut.n283 fir_tb.uut.n284 fir_tb.uut.n285 fir_tb.uut.n286 fir_tb.uut.n287 fir_tb.uut.n288 fir_tb.uut.n289 fir_tb.uut.n290 fir_tb.uut.n291 fir_tb.uut.n292 fir_tb.uut.n293 fir_tb.uut.n294 fir_tb.uut.n295 fir_tb.uut.n296 fir_tb.uut.n297 fir_tb.uut.n298 fir_tb.uut.n299 fir_tb.uut.n300 fir_tb.uut.n301 fir_tb.uut.n302 fir_tb.uut.n303 fir_tb.uut.n304 fir_tb.uut.n305 fir_tb.uut.n306 fir_tb.uut.n307 fir_tb.uut.n308 fir_tb.uut.n309 fir_tb.uut.n310 fir_tb.uut.n311 fir_tb.uut.n312 fir_tb.uut.n313 fir_tb.uut.n314 fir_tb.uut.n315 fir_tb.uut.n316 fir_tb.uut.n317 fir_tb.uut.n318 fir_tb.uut.n319 fir_tb.uut.n320 fir_tb.uut.n323 fir_tb.uut.n324 fir_tb.uut.n325 fir_tb.uut.n326 fir_tb.uut.n327 fir_tb.uut.n328 fir_tb.uut.n329 fir_tb.uut.n330 fir_tb.uut.n331 fir_tb.uut.n332 fir_tb.uut.n333 fir_tb.uut.n334 fir_tb.uut.n335 fir_tb.uut.n336 fir_tb.uut.n337 fir_tb.uut.n338 fir_tb.uut.n339 fir_tb.uut.n340 fir_tb.uut.n341 fir_tb.uut.n342 fir_tb.uut.n343 fir_tb.uut.n344 fir_tb.uut.n345 fir_tb.uut.n346 fir_tb.uut.n347 fir_tb.uut.n348 fir_tb.uut.n349 fir_tb.uut.n350 fir_tb.uut.n351 fir_tb.uut.n352 fir_tb.uut.n353 fir_tb.uut.n354 fir_tb.uut.n355 fir_tb.uut.n356 fir_tb.uut.n357 fir_tb.uut.n358 fir_tb.uut.n359 fir_tb.uut.n360 fir_tb.uut.n361 fir_tb.uut.n362 fir_tb.uut.n363 fir_tb.uut.n364 fir_tb.uut.n365 fir_tb.uut.n366 fir_tb.uut.n367 fir_tb.uut.n368 fir_tb.uut.n369 fir_tb.uut.n370 fir_tb.uut.n371 fir_tb.uut.n372 fir_tb.uut.n373 fir_tb.uut.n374 fir_tb.uut.n375 fir_tb.uut.n376 fir_tb.uut.n377 fir_tb.uut.n378 fir_tb.uut.n379 fir_tb.uut.n380 fir_tb.uut.n381 fir_tb.uut.n382 fir_tb.uut.n384 fir_tb.uut.n385 fir_tb.uut.n386 fir_tb.uut.n387 fir_tb.uut.n388 fir_tb.uut.n389 fir_tb.uut.n390 fir_tb.uut.n391 fir_tb.uut.n392 fir_tb.uut.n393 fir_tb.uut.n394 fir_tb.uut.n395 fir_tb.uut.n396 fir_tb.uut.n397 fir_tb.uut.n398 fir_tb.uut.n399 fir_tb.uut.n400 fir_tb.uut.n401 fir_tb.uut.n402 fir_tb.uut.n403 fir_tb.uut.n404 fir_tb.uut.n405 fir_tb.uut.n406 fir_tb.uut.n407 fir_tb.uut.n408 fir_tb.uut.n409 fir_tb.uut.n410 fir_tb.uut.n411 fir_tb.uut.n412 fir_tb.uut.n413 fir_tb.uut.n414 fir_tb.uut.n415 fir_tb.uut.n416 fir_tb.uut.n417 fir_tb.uut.n418 fir_tb.uut.n419 fir_tb.uut.n420 fir_tb.uut.n421 fir_tb.uut.n422 fir_tb.uut.n423 fir_tb.uut.n424 fir_tb.uut.n425 fir_tb.uut.n426 fir_tb.uut.n427 fir_tb.uut.n428 fir_tb.uut.n429 fir_tb.uut.n430 fir_tb.uut.n431 fir_tb.uut.n432 fir_tb.uut.n433 fir_tb.uut.n434 fir_tb.uut.n435 fir_tb.uut.n436 fir_tb.uut.n437 fir_tb.uut.n438 fir_tb.uut.n439 fir_tb.uut.n440 fir_tb.uut.n441 fir_tb.uut.n442 fir_tb.uut.n443 fir_tb.uut.n444 fir_tb.uut.n445 fir_tb.uut.n446 fir_tb.uut.n447 fir_tb.uut.n448 fir_tb.uut.n449 fir_tb.uut.n450 fir_tb.uut.n451 fir_tb.uut.n452 fir_tb.uut.n453 fir_tb.uut.n454 fir_tb.uut.n455 fir_tb.uut.n456 fir_tb.uut.n457 fir_tb.uut.n458 fir_tb.uut.n459 fir_tb.uut.n460 fir_tb.uut.n461 fir_tb.uut.n462 fir_tb.uut.n463 fir_tb.uut.n464 fir_tb.uut.n465 fir_tb.uut.n466 fir_tb.uut.n467 fir_tb.uut.n468 fir_tb.uut.n469 fir_tb.uut.n470 fir_tb.uut.n471 fir_tb.uut.n472 fir_tb.uut.n473 fir_tb.uut.n474 fir_tb.uut.n475 fir_tb.uut.n476 fir_tb.uut.n477 fir_tb.uut.n478 fir_tb.uut.n479 fir_tb.uut.n480 fir_tb.uut.n482 fir_tb.uut.n483 fir_tb.uut.n484 fir_tb.uut.n485 fir_tb.uut.n486 fir_tb.uut.n487 fir_tb.uut.n488 fir_tb.uut.n489 fir_tb.uut.n490 fir_tb.uut.n491 fir_tb.uut.n492 fir_tb.uut.n493 fir_tb.uut.n494 fir_tb.uut.n495 fir_tb.uut.n496 fir_tb.uut.n497 fir_tb.uut.n498 fir_tb.uut.n499 fir_tb.uut.n500 fir_tb.uut.n501 fir_tb.uut.n502 fir_tb.uut.n503 fir_tb.uut.n504 fir_tb.uut.n505 fir_tb.uut.n506 fir_tb.uut.n507 fir_tb.uut.n508 fir_tb.uut.n509 fir_tb.uut.n510 fir_tb.uut.n511 fir_tb.uut.n512 fir_tb.uut.n513 fir_tb.uut.n514 fir_tb.uut.n515 fir_tb.uut.n516 fir_tb.uut.n517 fir_tb.uut.n518 fir_tb.uut.n519 fir_tb.uut.n520 fir_tb.uut.n521 fir_tb.uut.n522 fir_tb.uut.n523 fir_tb.uut.n524 fir_tb.uut.n525 fir_tb.uut.n526 fir_tb.uut.n527 fir_tb.uut.n528 fir_tb.uut.n529 fir_tb.uut.n530 fir_tb.uut.n531 fir_tb.uut.n532 fir_tb.uut.n533 fir_tb.uut.n534 fir_tb.uut.n535 fir_tb.uut.n536 fir_tb.uut.n537 fir_tb.uut.n538 fir_tb.uut.n539 fir_tb.uut.n540 fir_tb.uut.n541 fir_tb.uut.n542 fir_tb.uut.n543 fir_tb.uut.n544 fir_tb.uut.n545 fir_tb.uut.n546 fir_tb.uut.n547 fir_tb.uut.n548 fir_tb.uut.n549 fir_tb.uut.n550 fir_tb.uut.n551 fir_tb.uut.n552 fir_tb.uut.n553 fir_tb.uut.n554 fir_tb.uut.n555 fir_tb.uut.n556 fir_tb.uut.n557 fir_tb.uut.n558 fir_tb.uut.n559 fir_tb.uut.n560 fir_tb.uut.n561 fir_tb.uut.n562 fir_tb.uut.n563 fir_tb.uut.n564 fir_tb.uut.n565 fir_tb.uut.n566 fir_tb.uut.n567 fir_tb.uut.n568 fir_tb.uut.n569 fir_tb.uut.n570 fir_tb.uut.n571 fir_tb.uut.n572 fir_tb.uut.n573 fir_tb.uut.n574 fir_tb.uut.n575 fir_tb.uut.n576 fir_tb.uut.n577 fir_tb.uut.n578 fir_tb.uut.n579 fir_tb.uut.n580 fir_tb.uut.n581 fir_tb.uut.n582 fir_tb.uut.n583 fir_tb.uut.n584 fir_tb.uut.n585 fir_tb.uut.n586 fir_tb.uut.n587 fir_tb.uut.n588 fir_tb.uut.n589 fir_tb.uut.n590 fir_tb.uut.n591 fir_tb.uut.n592 fir_tb.uut.n593 fir_tb.uut.n594 fir_tb.uut.n595 fir_tb.uut.n596 fir_tb.uut.n597 fir_tb.uut.n598 fir_tb.uut.n599 fir_tb.uut.n600 fir_tb.uut.n601 fir_tb.uut.n602 fir_tb.uut.n603 fir_tb.uut.n604 fir_tb.uut.n605 fir_tb.uut.n606 fir_tb.uut.n607 fir_tb.uut.n608 fir_tb.uut.n609 fir_tb.uut.n610 fir_tb.uut.n611 fir_tb.uut.n612 fir_tb.uut.n613 fir_tb.... (3188 chars skipped)
23:52:14    44 --> ...                                                                              [tcl] synopsys::run
23:52:14    45 --> ...                                                                                  [tcl] set ucliGUI::state
23:52:14    46 --> ...                                                                                      [tcl] gui_update_simulator_buttons
23:52:14    47 --> ...                                                                                          [tcl] set ucliGUI::state
23:52:14    48 --> ...                                                                                              [tcl] gui_update_simulator_buttons
23:52:17    49 --> ...                                                                                                  [tcl] set synopsys::env(time) 3271650000
23:52:20    50 --> ...  [tcl] set synopsys::env(time) 6497250200
23:52:23    51 --> ...      [tcl] set synopsys::env(time) 9805250400
23:52:26    52 --> ...          [tcl] set synopsys::env(time) 13110850100
23:52:29    53 --> ...              [tcl] set synopsys::env(time) 16057250700
23:52:32    54 --> ...                  [tcl] set synopsys::env(time) 19130050300
23:52:35    55 --> ...                      [tcl] set synopsys::env(time) 22347450200
23:52:38    56 --> ...                          [tcl] set synopsys::env(time) 25697950400
23:52:41    57 --> ...                              [tcl] set synopsys::env(time) 29018750100
23:52:44    58 --> ...                                  [tcl] set synopsys::env(time) 31741750000
23:52:47    59 --> ...                                      [tcl] set synopsys::env(time) 34166950100
23:52:50    60 --> ...                                          [tcl] set synopsys::env(time) 36680450400
23:52:51    61 --> ...                                              [tcl] ucliCore::getToolPID
23:52:51    62 --> ...                                                  [tcl] ucliCore::stopTool -temp -no_signal
23:52:51    63 --> ...                                                      [tcl] set ucliGUI::state
23:52:51    64 --> ...                                                          [tcl] set ucliGUI::state
23:52:51    65 --> ...                                                              [tcl] catch {senv activeDomain} dveMisc::result 
23:52:51    66 --> ...                                                                  [tcl] set dveMisc::result
23:52:51    67 --> ...                                                                      [tcl] gui_update_simulator_buttons
23:52:51    68 --> ...                                                                          [tcl] synopsys::run -resume
23:52:51    69 --> ...                                                                              [tcl] set ucliGUI::state
23:52:51    70 --> ...                                                                                  [tcl] gui_update_simulator_buttons
23:52:51    71 --> ...                                                                                      [tcl] set ucliGUI::state
23:52:51    72 --> ...                                                                                          [tcl] gui_update_simulator_buttons
23:52:52    73 --> ...                                                                                              [tcl] ucliCore::getToolPID
23:52:52    74 --> ...                                                                                                  [tcl] ucliCore::stopTool -temp -no_signal
23:52:52    75 --> ...  [tcl] set ucliGUI::state
23:52:52    76 --> ...      [tcl] set ucliGUI::state
23:52:52    77 --> ...          [tcl] catch {senv activeDomain} dveMisc::result 
23:52:52    78 --> ...              [tcl] set dveMisc::result
23:52:52    79 --> ...                  [tcl] gui_update_simulator_buttons
23:52:52    80 --> ...                      [tcl] synopsys::run -resume
23:52:52    81 --> ...                          [tcl] set ucliGUI::state
23:52:52    82 --> ...                              [tcl] gui_update_simulator_buttons
23:52:52    83 --> ...                                  [tcl] set ucliGUI::state
23:52:52    84 --> ...                                      [tcl] gui_update_simulator_buttons
23:52:55    85 --> ...                                          [tcl] set synopsys::env(time) 41013900000
23:52:56    86 --> ...                                              [tcl] ucliCore::getToolPID
23:52:56    87 --> ...                                                  [tcl] ucliCore::stopTool -temp -no_signal
23:52:56    88 --> ...                                                      [tcl] set ucliGUI::state
23:52:56    89 --> ...                                                          [tcl] set ucliGUI::state
23:52:56    90 --> ...                                                              [tcl] catch {senv activeDomain} dveMisc::result 
23:52:56    91 --> ...                                                                  [tcl] set dveMisc::result
23:52:56    92 --> ...                                                                      [tcl] gui_update_simulator_buttons
23:52:56    93 --> ...                                                                          [tcl] synopsys::run -resume
23:52:56    94 --> ...                                                                              [tcl] set ucliGUI::state
23:52:56    95 --> ...                                                                                  [tcl] gui_update_simulator_buttons
23:52:56    96 --> ...                                                                                      [tcl] set ucliGUI::state
23:52:56    97 --> ...                                                                                          [tcl] gui_update_simulator_buttons
23:52:56    98 --> ...                                                                                              [tcl] ucliCore::getToolPID
23:52:56    99 --> ...                                                                                                  [tcl] ucliCore::stopTool -temp -no_signal
23:52:56    100 --> ...  [tcl] set ucliGUI::state
23:52:56    101 --> ...      [tcl] set ucliGUI::state
23:52:56    102 --> ...          [tcl] catch {senv activeDomain} dveMisc::result 
23:52:56    103 --> ...              [tcl] set dveMisc::result
23:52:56    104 --> ...                  [tcl] gui_update_simulator_buttons
23:52:56    105 --> ...                      [tcl] synopsys::run -resume
23:52:56    106 --> ...                          [tcl] set ucliGUI::state
23:52:56    107 --> ...                              [tcl] gui_update_simulator_buttons
23:52:56    108 --> ...                                  [tcl] set ucliGUI::state
23:52:57    109 --> ...                                      [tcl] gui_update_simulator_buttons
23:52:59    110 --> ...                                          [tcl] set synopsys::env(time) 44470450100
23:53:03    111 --> ...                                              [tcl] set synopsys::env(time) 47624850600
23:53:06    112 --> ...                                                  [tcl] set synopsys::env(time) 50032450300
23:53:09    113 --> ...                                                      [tcl] set synopsys::env(time) 52587850200
23:53:12    114 --> ...                                                          [tcl] set synopsys::env(time) 55092150400
23:53:14    115 --> ...                                                              [tcl] set synopsys::env(time) 57649050200
23:53:18    116 --> ...                                                                  [tcl] set synopsys::env(time) 60080350000
23:53:21    117 --> ...                                                                      [tcl] set synopsys::env(time) 62578950100
23:53:22    118 --> ...                                                                          [tcl] ucliCore::getToolPID
23:53:22    119 --> ...                                                                              [tcl] ucliCore::stopTool -temp -no_signal
23:53:22    120 --> ...                                                                                  [tcl] set ucliGUI::state
23:53:22    121 --> ...                                                                                      [tcl] set ucliGUI::state
23:53:22    122 --> ...                                                                                          [tcl] catch {senv activeDomain} dveMisc::result 
23:53:22    123 --> ...                                                                                              [tcl] set dveMisc::result
23:53:22    124 --> ...                                                                                                  [tcl] gui_update_simulator_buttons
23:53:22    125 --> ...  [tcl] synopsys::run -resume
23:53:22    126 --> ...      [tcl] set ucliGUI::state
23:53:22    127 --> ...          [tcl] gui_update_simulator_buttons
23:53:22    128 --> ...              [tcl] set ucliGUI::state
23:53:22    129 --> ...                  [tcl] gui_update_simulator_buttons
23:53:25    130 --> ...                      [tcl] set synopsys::env(time) 66137750400
23:53:28    131 --> ...                          [tcl] set synopsys::env(time) 68587050100
23:53:31    132 --> ...                              [tcl] set synopsys::env(time) 71082350300
23:53:34    133 --> ...                                  [tcl] set synopsys::env(time) 73806450200
23:53:37    134 --> ...                                      [tcl] set synopsys::env(time) 76434300000
23:53:40    135 --> ...                                          [tcl] set synopsys::env(time) 78754750100
23:53:43    136 --> ...                                              [tcl] set synopsys::env(time) 81239350200
23:53:46    137 --> ...                                                  [tcl] set synopsys::env(time) 83627050100
23:53:49    138 --> ...                                                      [tcl] set synopsys::env(time) 85955150700
23:53:52    139 --> ...                                                          [tcl] set synopsys::env(time) 88622450200
23:53:55    140 --> ...                                                              [tcl] set synopsys::env(time) 91170100000
23:53:58    141 --> ...                                                                  [tcl] set synopsys::env(time) 93573350000
23:54:01    142 --> ...                                                                      [tcl] set synopsys::env(time) 95956350200
23:54:04    143 --> ...                                                                          [tcl] set synopsys::env(time) 98564850200
23:54:07    144 --> ...                                                                              [tcl] set synopsys::env(time) 101147150100
23:54:10    145 --> ...                                                                                  [tcl] set synopsys::env(time) 103644950200
23:54:13    146 --> ...                                                                                      [tcl] ucliCore::getToolPID
23:54:13    147 --> ...                                                                                          [tcl] ucliCore::stopTool -no_signal
23:54:13    148 --> ...                                                                                              [tcl] set ucliGUI::state
23:54:13    149 --> ...                                                                                                  [tcl] set ucliGUI::state
23:54:13    150 --> ...  [tcl] catch {senv activeDomain} dveMisc::result 
23:54:13    151 --> ...      [tcl] set dveMisc::result
23:54:13    152 --> ...          [tcl] gui_update_simulator_buttons
23:54:38    153 --> ...              [tcl] dveMisc::vbusExpand fir_tb.uut.multiplication_2_reg_1_
23:54:38    154 --> ...                  [tcl] ucliGUI::getSignalValues -scope fir_tb -radix {symbolic hexadecimal binary binary binary hexadecimal } -list {{i[31:0]} {data_out[17:0]} {complete[0:0]} clk rst_n {data_in[15:0]} }
23:56:06    155 --> ...                      [tcl] if [catch {gui_sim_terminate}] {gui_sim_terminate -kill}
23:56:06    156 --> ...                          [tcl] synopsys::finish
23:56:06    157 --> ...                              [tcl] set ucliGUI::state
23:56:06    158 --> ...                                  [tcl] gui_update_simulator_buttons
23:56:06    159 --> ...                                      [tcl] set ucliGUI::state
23:56:06    160 --> ...                                          [tcl] catch {senv activeDomain} dveMisc::result 
23:56:06    161 --> ...                                              [tcl] set dveMisc::result
23:56:06    162 --> ...                                                  [tcl] gui_update_simulator_buttons
23:56:06    163 --> ...                                                      [tcl] catch {senv activeDomain} dveMisc::result 
23:56:06    164 --> ...                                                          [tcl] set dveMisc::result
23:56:06    165 --> ...                                                              [tcl] ucli_exit
