

  Cadence Quantus Extraction - 64-bit Parasitic Extractor - Version
19.1.3-s062 Tue Jul 23 02:42:20 PDT 2019
---------------------------------------------------------------------------------------------------------------
                                  Copyright 2019 Cadence Design Systems,
Inc.



INFO (EXTQRCXLOG-103) : The Command File Options for the current Quantus run are as follows:

extract \
	 -selection "all" \
	 -type "rc_decoupled"
extraction_setup \
	 -max_fracture_length 50 \
	 -promote_pin_pad "LOGICAL"
filter_coupling_cap \
	 -cap_filtering_mode "absolute_and_relative" \
	 -coupling_cap_threshold_absolute 0.1 \
	 -coupling_cap_threshold_relative 1.0 \
	 -total_cap_threshold 0.0
input_db -type def \
	 -lef_file_list_file "/tmp/innovus_temp_20211_EEX052_cmfanab_sKRRDc/tmp_qrc_YshlRC/qrc.leflist"
log_file \
	 -dump_options true \
	 -file_name "qrc_20211_20220530_17:06:21.log"
output_db -type spef \
	 -short_incomplete_net_pins true \
	 -subtype "STANDARD"
output_setup \
	 -compressed true \
	 -directory_name "/tmp/innovus_temp_20211_EEX052_cmfanab_sKRRDc/tmp_qrc_YshlRC" \
	 -file_name "bk_32bit" \
	 -temporary_directory_name "/tmp/innovus_temp_20211_EEX052_cmfanab_sKRRDc/tmp_qrc_YshlRC"
process_technology \
	 -technology_corner \
		"rc_best" \
		"rc_worst" \
	 -technology_library_file "/tmp/innovus_temp_20211_EEX052_cmfanab_sKRRDc/tmp_qrc_YshlRC/_qrc_techlib.defs" \
	 -technology_name "_qrc_tech_" \
	 -temperature \
		0 \
		125




INFO (EXTGRMP-102) : Starting at 2022-May-30 17:06:22 (2022-May-30 09:06:22 GMT) on host EEX052
with pid 24614.
Running binary as: 
 /usr/eelocal/cadence/ext191/tools/extraction/bin/64bit/qrc -cmd
/tmp/innovus_temp_20211_EEX052_cmfanab_sKRRDc/tmp_qrc_YshlRC/qrc.cmd
/tmp/innovus_temp_20211_EEX052_cmfanab_sKRRDc/tmp_qrc_YshlRC/qrc.def.gz  

WARNING (EXTGRMP-414) : No GDSII/OASIS file is specified. Setting graybox type as LEF_OBSTRUCTION.

INFO (EXTGRMP-142) : Command line arguments:
"-cmd"
"/tmp/innovus_temp_20211_EEX052_cmfanab_sKRRDc/tmp_qrc_YshlRC/qrc.cmd"
"/tmp/innovus_temp_20211_EEX052_cmfanab_sKRRDc/tmp_qrc_YshlRC/qrc.def.gz"

INFO (EXTGRMP-143) : Option copy_port_to_obs = "true"

INFO (EXTGRMP-143) : Option log_file = "qrc_20211_20220530_17:06:21.log"

INFO (EXTGRMP-143) : Option max_error_messages = "100"

INFO (EXTGRMP-143) : Option message_detail_level = "10"

INFO (EXTGRMP-143) : Option tech_file = ""

INFO (EXTGRMP-143) : Option library_name = ""

INFO (EXTGRMP-143) : Option oa_default_rule_name = ""

INFO (EXTGRMP-143) : Option gray_data = "obs"

INFO (EXTGRMP-143) : Option use_macro_density = "false"

INFO (EXTGRMP-143) : Option comp_prealloc = "0"

INFO (EXTGRMP-143) : Option net_prealloc = "0"

INFO (EXTGRMP-143) : Option output_directory_name =
"/tmp/innovus_temp_20211_EEX052_cmfanab_sKRRDc/tmp_qrc_YshlRC"

INFO (EXTGRMP-143) : Option output_coordinate_units = "micron"

INFO (EXTGRMP-143) : Option user_comment = ""

INFO (EXTGRMP-143) : Option output_cache_directory_name =
"/tmp/innovus_temp_20211_EEX052_cmfanab_sKRRDc/tmp_qrc_YshlRC/.qrctemp"

INFO (EXTGRMP-143) : Option keep_temporary_files = "false"

INFO (EXTGRMP-143) : Option output_density_tiles = "false"

INFO (EXTGRMP-143) : Option output_file_name = "bk_32bit"

INFO (EXTGRMP-143) : Option spef_define_file = ""

INFO (EXTGRMP-143) : Option reduce_output = "false"

INFO (EXTGRMP-143) : Option debug_log = "false"

INFO (EXTGRMP-143) : Option spef_output = "generic"

INFO (EXTGRMP-143) : Option dspf_output = "none"

INFO (EXTGRMP-143) : Option output_sstorm_db_name = ""

INFO (EXTGRMP-143) : Option netlist_output = "none"

INFO (EXTGRMP-143) : Option net_cc_output = "false"

INFO (EXTGRMP-143) : Option rcdb_output = "false"

INFO (EXTGRMP-143) : Option hierarchy_char = "/"

INFO (EXTGRMP-143) : Option bus_chars = "[]"

INFO (EXTGRMP-143) : Option pin_char = ":"

INFO (EXTGRMP-143) : Option output_incomplete_nets_type = "no_pin one_pin disconnected_pin
multiple_partitions floating_resistors"

INFO (EXTGRMP-143) : Option truncate_regular_wires = "false"

INFO (EXTGRMP-143) : Option layout_scale = "1.0"

INFO (EXTGRMP-143) : Option output_file_max_size = "9223372036854775807"

INFO (EXTGRMP-143) : Option dump_options = "true"

INFO (EXTGRMP-143) : Option short_incomplete_net_pins = "true"

INFO (EXTGRMP-143) : Option promote_incomplete_net_pins = "true"

INFO (EXTGRMP-143) : Option output_incomplete_nets = "true"

INFO (EXTGRMP-143) : Option output_unrouted_nets = "false"

INFO (EXTGRMP-143) : Option treat_special_chars = "true"

INFO (EXTGRMP-143) : Option lumped_cc_threshold = "0.0"

INFO (EXTGRMP-143) : Option reduction_max_frequency = "1.0e+08"

INFO (EXTGRMP-143) : Option compressed_output = "true"

INFO (EXTGRMP-143) : Option max_resistor_length = "50"

INFO (EXTGRMP-143) : Option promote_feedthru_ports = "none"

INFO (EXTGRMP-143) : Option promote_instance_ports = "none"

INFO (EXTGRMP-143) : Option output_promoted_feedthrus = "false"

INFO (EXTGRMP-143) : Option output_unconnected_pins = "false"

INFO (EXTGRMP-143) : Option remove_floating_metals = "false"

INFO (EXTGRMP-143) : Option promote_pin_pad = "logical"

INFO (EXTGRMP-143) : Option eco_compatible_mode = "false"

INFO (EXTGRMP-143) : Option cap_mode_2915 = "true"

INFO (EXTGRMP-143) : Option quickcap_file = "false"

INFO (EXTGRMP-143) : Option ict_file = "process.ict"

INFO (EXTGRMP-143) : Option quickcap_netfile = "qapi.net"

INFO (EXTGRMP-143) : Option lefcap_output = "false"

INFO (EXTGRMP-143) : Option lefcap_scale = "1.25"

INFO (EXTGRMP-143) : Option lefres_output = "false"

INFO (EXTGRMP-143) : Option kfactor_file = ""

INFO (EXTGRMP-143) : Option total_c_threshold = "0"

INFO (EXTGRMP-143) : Option relative_c_threshold = "1"

INFO (EXTGRMP-143) : Option output_cap_filtering_mode = "relative_and_coupling"

INFO (EXTGRMP-143) : Option cap_mode = "default"

INFO (EXTGRMP-143) : Option parallel_options = ""

INFO (EXTGRMP-143) : Option load_optimized_views = "true"

INFO (EXTGRMP-143) : Option enable_metal_fill_effects = "true"

INFO (EXTGRMP-143) : Option advanced_metal_fill = "false"

INFO (EXTGRMP-143) : Option metal_fill_type = "floating"

INFO (EXTGRMP-143) : Option vmf_metal_scheme_file = ""

INFO (EXTGRMP-143) : Option vmf_rule_file = ""

INFO (EXTGRMP-143) : Option ignore_conn_to_bump = "true"

INFO (EXTGRMP-143) : Option lic_queue = "0"

INFO (EXTGRMP-143) : Option metal_fill_gds_file = ""

INFO (EXTGRMP-143) : Option density_check_method = "none"

INFO (EXTGRMP-143) : Option temperature = "0"

INFO (EXTGRMP-143) : Option promote_gray_data_pins = "false"

INFO (EXTGRMP-143) : Option use_layer_bias_in_cmd_and_process_bias_in_tech = "false"

INFO (EXTGRMP-143) : Option map_eeq_to_master_in_output = "false"

INFO (EXTGRMP-143) : Option match_res_cap_in_output = "false"

INFO (EXTGRMP-143) : Option merge_tile_boundary_data = "true"

INFO (EXTGRMP-143) : Option coupling_c_threshold = "0.1"

INFO (EXTGRMP-143) : Option use_icecaps_models_only = "false"

INFO (EXTGRMP-143) : Option use_name_map_in_spef = "true"

INFO (EXTGRMP-143) : Option name_map_start_index_in_spef = "0"

INFO (EXTGRMP-143) : Option timeout = "300"

INFO (EXTGRMP-143) : Option num_of_trials = "0"

INFO (EXTGRMP-143) : Option separate_cc_prefix_in_dspf = "false"

INFO (EXTGRMP-143) : Option output_oa = "false"

INFO (EXTGRMP-143) : Option oa_analysis_point = "default"

INFO (EXTGRMP-143) : Option enable_sensitivity_extraction = "false"

INFO (EXTGRMP-143) : Option report_details = "false"

INFO (EXTGRMP-143) : Option report_shorts = "false"

INFO (EXTGRMP-143) : Option metal_fill_gds_offset_X = "0.0"

INFO (EXTGRMP-143) : Option metal_fill_gds_offset_Y = "0.0"

INFO (EXTGRMP-143) : Option ignore_pushdown_blockages = "false"

INFO (EXTGRMP-143) : Option compress_cache_files = "true"

INFO (EXTGRMP-143) : Option strong_gray_debug = "false"

INFO (EXTGRMP-143) : Option disable_instances = "true"

INFO (EXTGRMP-143) : Option disable_subnodes = "true"

INFO (EXTGRMP-143) : Option dump_erosion_info = ""

INFO (EXTGRMP-143) : Option silicon_width_printing = "true"

INFO (EXTGRMP-143) : Option unscaled_res_params_printing = "false"

INFO (EXTGRMP-143) : Option enable_active_fill_via_processing = "false"

INFO (EXTGRMP-143) : Option add_explicit_vias = "false"

INFO (EXTGRMP-143) : Option cap_ground_net = "0"

INFO (EXTGRMP-143) : Option output_res_temp_coeff = "false"

INFO (EXTGRMP-143) : Option write_coupled_decoupled_files = "false"

INFO (EXTGRMP-143) : Option capacitance_coupling = "default"

INFO (EXTGRMP-143) : Option top_cell = ""

INFO (EXTGRMP-143) : Option input_directory_name = ""

INFO (EXTGRMP-143) : Option binary_input = "false"

INFO (EXTGRMP-143) : Option binary_output = "false"

INFO (EXTGRMP-143) : Option enable_ieee_sensitivity = "false"

INFO (EXTGRMP-143) : Option bump_map_file = ""

INFO (EXTGRMP-143) : Option enable_bump_instance = "false"

INFO (EXTGRMP-143) : Option enable_tsv_instance = "false"

INFO (EXTGRMP-143) : Option enable_TSV_STA_Cc_model = "false"

INFO (EXTGRMP-143) : Option stitch_bump_model = "false"

INFO (EXTGRMP-143) : Option stitch_tsv_model = "none"

INFO (EXTGRMP-143) : Option enable_eco_mode = "false"

INFO (EXTGRMP-143) : Option eco_file = ""

INFO (EXTGRMP-143) : Option override_eco_reference = "true"

INFO (EXTGRMP-143) : Option analysis_mode = "timing"

INFO (EXTGRMP-143) : Option use_lef_for_hierarchical_def = "false"

INFO (EXTGRMP-143) : Option include_gate_forming_layers = "false"

INFO (EXTGRMP-143) : Option strict_error_reporting = "false"

INFO (EXTGRMP-143) : Option report_outside_diearea_object = "false"

INFO (EXTGRMP-143) : Option report_outside_diearea_object_error_limit = "1"

INFO (EXTGRMP-143) : Option change_overhang_direction = "false"

INFO (EXTGRMP-143) : Option ubump_subckt_file = ""

INFO (EXTGRMP-143) : Option tsv_subckt_file = ""

INFO (EXTGRMP-143) : Option LEF files =
"/afs/ee.ust.hk/staff/ee/dept/public/elec516/eesm_5020_2017spring/eesm_5020/lib/NangateOpenCellLibrary_PDKv1_3_v2010_12/Back_End/lef/NangateOpenCellLibrary.tech.lef
/afs/ee.ust.hk/staff/ee/dept/public/elec516/eesm_5020_2017spring/eesm_5020/lib/NangateOpenCellLibrary_PDKv1_3_v2010_12/Back_End/lef/NangateOpenCellLibrary.macro.lef"

INFO (EXTGRMP-143) : Option DEF files =
"/tmp/innovus_temp_20211_EEX052_cmfanab_sKRRDc/tmp_qrc_YshlRC/qrc.def.gz"

INFO (EXTGRMP-143) : Option GDSII files = ""

INFO (EXTGRMP-143) : Option GDSII/RDL files = ""

INFO (EXTGRMP-143) : Option SPICE files = ""

INFO (EXTGRMP-143) : Option DENSITY cells = ""

INFO (EXTGRMP-143) : Option stitch bump cells = ""

INFO (EXTGRMP-143) : Option ignored macros = ""

INFO (EXTGRMP-143) : Option black macros = ""

INFO (EXTGRMP-155) : Layer mappings were not specified.

INFO (EXTGRMP-276) : Gds/Oasis Layer Map settings were not specified.

INFO (EXTGRMP-548) : Gds/Oasis Fill layer Map settings were not specified.

INFO (EXTGRMP-550) : Gds/Oasis Active Fill layer Map settings were not specified.

INFO (EXTGRMP-562) : HPB layer settings were not specified.

INFO (EXTGRMP-623) : Background density layer mappings were not specified.

INFO (EXTGRMP-144) : There were no layer bias commands for R values.

INFO (EXTGRMP-147) : Layer bias settings for C values were not specified.

INFO (EXTGRMP-149) : Lefcap area scale settings were not specified.

INFO (EXTGRMP-153) : Lefcap edge scale settings were not specified.

INFO (EXTGRMP-151) : Parameter name settings were not specified.

INFO (EXTGRMP-260) : Layer cluster settings were not specified.

INFO (EXTHPY-253) : Extraction started at Mon May 30 17:06:22 2022.

INFO (EXTHPY-232) : Preprocessing stage started at Mon May 30 17:06:22 2022.

INFO (EXTGRMP-205) : Reading DEF file: /tmp/innovus_temp_20211_EEX052_cmfanab_sKRRDc/tmp_qrc_YshlRC/qrc.def.gz


INFO (EXTGRMP-336) : Reading technology data and cell definitions from LEF file:

INFO (EXTGRMP-338) : /afs/ee.ust.hk/staff/ee/dept/public/elec516/eesm_5020_2017spring/eesm_5020/lib/NangateOpenCellLibrary_PDKv1_3_v2010_12/Back_End/lef/NangateOpenCellLibrary.tech.lef

WARNING (EXTGRMP-605) : Layer "poly" will not be extracted and will be ignored. 


WARNING (EXTGRMP-330) : LEF layer "active" is not mapped with any tech file layer. Ignoring its definition. 
An error will be issued if its definition is required.

WARNING (EXTGRMP-605) : Layer "active" will not be extracted and will be ignored. 


INFO (EXTGRMP-338) : /afs/ee.ust.hk/staff/ee/dept/public/elec516/eesm_5020_2017spring/eesm_5020/lib/NangateOpenCellLibrary_PDKv1_3_v2010_12/Back_End/lef/NangateOpenCellLibrary.macro.lef

WARNING (EXTGRMP-184) : Gray-box mode -type lef_obstruction was selected for extraction, but 27 macro definitions did not include any obstruction data in LEF. The first 10 macros are:
 ANTENNA_X1 FILLCELL_X1 FILLCELL_X16 FILLCELL_X2 FILLCELL_X32 FILLCELL_X4 FILLCELL_X8 INV_X1 INV_X16 INV_X2
Check the library inputs and log files from library setup to determine whether there is a problem.

INFO (EXTGRMP-195) : Reading VIAS section.

INFO (EXTGRMP-195) : Reading COMPONENTS section.

INFO (EXTGRMP-195) : Reading PINS section.

INFO (EXTGRMP-195) : Reading NETS section.

INFO (EXTGRMP-195) : Reading SPECIALNETS section.

INFO (EXTGRMP-516) : Logical pin(s) is/are detected. Please see /tmp/innovus_temp_20211_EEX052_cmfanab_sKRRDc/tmp_qrc_YshlRC/bk_32bit.logicalpins for the list of logical pin(s) found.


INFO (EXTGRMP-248) : METAL FILL data is not available in DEF file.


INFO (EXTGRMP-292) : Checking Command/Tech/License Files. 

INFO (EXTGRMP-281) : Manufacturing Data Information :- 
  DEF/GDS/OASIS/LEF file 
    does NOT contain MetalFill data. 
  Techfile  
    does NOT contain WEE data.     
    does NOT contain Erosion data t=f( density ) 
    does NOT contain R(w) data.    
    does NOT contain R(w, s) data.  
    does NOT contain TC(w) data.    
    does NOT contain T/B enlargement data. 
    does     contain Floating Metal Fill models. 
    does NOT contain WBE data. 


INFO (EXTGRMP-294) : RCs effects computed for this session include :- 
 MetalFill        : OFF 
 WEE Effects      : n/a 
 Erosion Effects  : n/a t=f(density) 
 T/B Enlargements : n/a 
 R(w) Effects     : n/a 
 R(w,s) Effects   : n/a 
 TC(w) Effects    : n/a 
Some effects indicate n/a because of non-availability of relevant input data (or) requested to be off.

INFO (EXTGRMP-207) : Reading DEF file completed successfully.


INFO (EXTGRMP-689) : CPU time for this stage is considerably lower than the clock  time.
Check disk/network slowness on the corresponding machine(s).
Consider using /tmp for the temporary_directory_name in the command file and copy the design and tech files to local directory.

INFO (EXTGRMP-211) : Reading geometric data from DEF file:
/tmp/innovus_temp_20211_EEX052_cmfanab_sKRRDc/tmp_qrc_YshlRC/qrc.def.gz

INFO (EXTSNZ-133) : 10%

INFO (EXTSNZ-133) : 20%

INFO (EXTSNZ-133) : 30%

INFO (EXTSNZ-133) : 40%

INFO (EXTSNZ-133) : 50%

INFO (EXTSNZ-133) : 60%

INFO (EXTSNZ-133) : 70%

INFO (EXTSNZ-133) : 80%

INFO (EXTSNZ-133) : 90%

INFO (EXTGRMP-213) : Reading geometric data from DEF completed successfully.

INFO (EXTSNZ-133) : 1%

INFO (EXTSNZ-133) : 2%

INFO (EXTSNZ-133) : 3%

INFO (EXTSNZ-133) : 4%

INFO (EXTSNZ-133) : 6%

INFO (EXTSNZ-133) : 7%

INFO (EXTSNZ-133) : 8%

INFO (EXTSNZ-133) : 9%

INFO (EXTSNZ-133) : 11%

INFO (EXTSNZ-133) : 12%

INFO (EXTSNZ-133) : 13%

INFO (EXTSNZ-133) : 14%

INFO (EXTSNZ-133) : 16%

INFO (EXTSNZ-133) : 17%

INFO (EXTSNZ-133) : 18%

INFO (EXTSNZ-133) : 19%

INFO (EXTSNZ-133) : 21%

INFO (EXTSNZ-133) : 22%

INFO (EXTSNZ-133) : 23%

INFO (EXTSNZ-133) : 24%

INFO (EXTSNZ-133) : 26%

INFO (EXTSNZ-133) : 27%

INFO (EXTSNZ-133) : 28%

INFO (EXTSNZ-133) : 29%

INFO (EXTSNZ-133) : 31%

INFO (EXTSNZ-133) : 32%

INFO (EXTSNZ-133) : 33%

INFO (EXTSNZ-133) : 34%

INFO (EXTSNZ-133) : 36%

INFO (EXTSNZ-133) : 37%

INFO (EXTSNZ-133) : 38%

INFO (EXTSNZ-133) : 39%

INFO (EXTSNZ-133) : 41%

INFO (EXTSNZ-133) : 42%

INFO (EXTSNZ-133) : 43%

INFO (EXTSNZ-133) : 44%

INFO (EXTSNZ-133) : 46%

INFO (EXTSNZ-133) : 47%

INFO (EXTSNZ-133) : 48%

INFO (EXTSNZ-133) : 49%

INFO (EXTSNZ-133) : 51%

INFO (EXTSNZ-133) : 52%

INFO (EXTSNZ-133) : 53%

INFO (EXTSNZ-133) : 54%

INFO (EXTSNZ-133) : 56%

INFO (EXTSNZ-133) : 57%

INFO (EXTSNZ-133) : 58%

INFO (EXTSNZ-133) : 59%

INFO (EXTSNZ-133) : 61%

INFO (EXTSNZ-133) : 62%

INFO (EXTSNZ-133) : 63%

INFO (EXTSNZ-133) : 64%

INFO (EXTSNZ-133) : 66%

INFO (EXTSNZ-133) : 67%

INFO (EXTSNZ-133) : 68%

INFO (EXTSNZ-133) : 69%

INFO (EXTSNZ-133) : 71%

INFO (EXTSNZ-133) : 72%

INFO (EXTSNZ-133) : 73%

INFO (EXTSNZ-133) : 74%

INFO (EXTSNZ-133) : 76%

INFO (EXTSNZ-133) : 77%

INFO (EXTSNZ-133) : 78%

INFO (EXTSNZ-133) : 79%

INFO (EXTSNZ-133) : 81%

INFO (EXTSNZ-133) : 82%

INFO (EXTSNZ-133) : 83%

INFO (EXTSNZ-133) : 84%

INFO (EXTSNZ-133) : 86%

INFO (EXTSNZ-133) : 87%

INFO (EXTSNZ-133) : 88%

INFO (EXTSNZ-133) : 89%

INFO (EXTSNZ-133) : 91%

INFO (EXTSNZ-133) : 92%

INFO (EXTSNZ-133) : 93%

INFO (EXTSNZ-133) : 94%

INFO (EXTSNZ-133) : 96%

INFO (EXTSNZ-133) : 97%

INFO (EXTSNZ-133) : 98%

INFO (EXTSNZ-133) : 99%

INFO (EXTHPY-101) : Initializing gray data from all cell instances for capacitance extraction.

INFO (EXTHPY-102) : Processing of gray data completed successfully.

INFO (EXTHPY-156) : Gray pins that are touching or overlapping extracted nets will be treated as gray data during extraction.

INFO (EXTHPY-233) : Preprocessing stage completed successfully at Mon May 30 17:06:30 2022.

INFO (EXTHPY-247) : Preprocessing stage duration: 00:00:08.

INFO (EXTHPY-173) : Capacitance extraction started at Mon May 30 17:06:30 2022.

INFO (EXTHPY-103) : Extracting capacitance values.

INFO (EXTHPY-104) :    0%

INFO (EXTHPY-104) :    100%

INFO (EXTHPY-174) : Capacitance extraction completed successfully at Mon May 30 17:06:30 2022.

INFO (EXTHPY-248) : Capacitance extraction duration: 00:00:00.

INFO (EXTHPY-175) : Output generation started at Mon May 30 17:06:30 2022.

INFO (EXTSNZ-156) :    0%

INFO (EXTSNZ-156) :    10%

INFO (EXTSNZ-156) :    20%

INFO (EXTSNZ-156) :    30%

INFO (EXTSNZ-156) :    40%

INFO (EXTSNZ-156) :    50%

INFO (EXTSNZ-156) :    60%

INFO (EXTSNZ-156) :    70%

INFO (EXTSNZ-156) :    80%

INFO (EXTSNZ-156) :    90%

INFO (EXTHPY-176) : Output generation completed successfully at Mon May 30 17:06:31 2022.

INFO (EXTHPY-249) : Output generation duration: 00:00:01.

INFO (EXTHPY-143) : ---Summary of Stage Duration
 Preprocessing stage duration: 00:00:08.
 Capacitance extraction duration: 00:00:00.
 Output generation duration: 00:00:01.

INFO (EXTHPY-254) : Extraction completed successfully at Mon May 30 17:06:32 2022.


Ending at 2022-May-30 17:06:33 (2022-May-30 09:06:33 GMT).

 Tool:                    Cadence Quantus Extraction 64-bit
 Version:                 19.1.3-s062 Tue Jul 23 02:42:20 PDT 2019
 IR Build No:             062 
 Techfile:                
    rc_best
/tmp/innovus_temp_20211_EEX052_cmfanab_sKRRDc/tmp_qrc_YshlRC/_qrc_techdir/rc_best/qrcTechFile
; version: 13.1.0-p102
    rc_worst
/tmp/innovus_temp_20211_EEX052_cmfanab_sKRRDc/tmp_qrc_YshlRC/_qrc_techdir/rc_worst/qrcTechFile
; version: 13.1.0-p102 
 License(s) used:         1 of QTS300 
 User Name:               cmfanab
 Host Name:               EEX052
 Host OS Release:         Linux 3.10.0-1160.53.1.el7.x86_64
 Host OS Version:         #1 SMP Fri Jan 14 13:59:45 UTC 2022
 Run duration:            00:00:02 CPU time, 00:00:11 clock time
 Max (Total) memory used: 257 MB
 Max (CPU) memory used:   774 MB
 Max Temp-Directory used: 1 MB
 Nets/hour:               444K nets/CPU-hr, 80K nets/clock-hr
 Design data:
    Components:           182
    Phy components:       0
    Nets:                 247
    Unconnected pins:     0
 Warning messages:        5
 Error messages:          0

Exit code 0.
Cadence Quantus Extraction completed successfully at 2022-May-30 17:06:33
(2022-May-30 09:06:33 GMT).
