# Preference setting overrides
gui_create_pref_key -category {Globals} -key {load_detail_for_funcov} -value_type {bool} -value {false}

# State setting overrides
gui_state_default_create -off -ini
gui_set_state_value -category Layout -key child_console_size_x -value 1458
gui_set_state_value -category Layout -key child_console_size_y -value 172
gui_set_state_value -category Layout -key child_data_coltype -value 89
gui_set_state_value -category Layout -key child_data_colvalue -value 149
gui_set_state_value -category Layout -key child_data_colvariable -value 189
gui_set_state_value -category Layout -key child_data_size_x -value 430
gui_set_state_value -category Layout -key child_data_size_y -value 524
gui_set_state_value -category Layout -key child_hier_col3 -value {-1}
gui_set_state_value -category Layout -key child_hier_colhier -value 169
gui_set_state_value -category Layout -key child_hier_colpd -value 0
gui_set_state_value -category Layout -key child_hier_coltype -value 107
gui_set_state_value -category Layout -key child_hier_size_x -value 280
gui_set_state_value -category Layout -key child_hier_size_y -value 524
gui_set_state_value -category Layout -key child_source_docknewline -value false
gui_set_state_value -category Layout -key child_source_pos_x -value {-2}
gui_set_state_value -category Layout -key child_source_pos_y -value {-15}
gui_set_state_value -category Layout -key child_source_size_x -value 751
gui_set_state_value -category Layout -key child_source_size_y -value 519
gui_set_state_value -category Layout -key child_wave_colname -value 210
gui_set_state_value -category Layout -key child_wave_colvalue -value 210
gui_set_state_value -category Layout -key child_wave_left -value 424
gui_set_state_value -category Layout -key child_wave_right -value 1033
gui_set_state_value -category Layout -key main_pos_x -value 8
gui_set_state_value -category Layout -key main_pos_y -value 31
gui_set_state_value -category Layout -key main_size_x -value 1466
gui_set_state_value -category Layout -key main_size_y -value 826
gui_set_state_value -category Layout -key stand_wave_child_docknewline -value false
gui_set_state_value -category Layout -key stand_wave_child_pos_x -value {-2}
gui_set_state_value -category Layout -key stand_wave_child_pos_y -value {-15}
gui_set_state_value -category Layout -key stand_wave_child_size_x -value 1467
gui_set_state_value -category Layout -key stand_wave_child_size_y -value 695
gui_set_state_value -category Layout -key stand_wave_top_pos_x -value 0
gui_set_state_value -category Layout -key stand_wave_top_pos_y -value 23
gui_set_state_value -category Layout -key stand_wave_top_size_x -value 1462
gui_set_state_value -category Layout -key stand_wave_top_size_y -value 822
gui_create_state_key -category FindDialog -key m_pMatchCase -value_type bool -value false
gui_create_state_key -category FindDialog -key m_pMatchWord -value_type bool -value false
gui_create_state_key -category FindDialog -key m_pUseCombo -value_type string -value {}
gui_create_state_key -category FindDialog -key m_pWrapAround -value_type bool -value true
gui_state_default_create -off

# Begin command logging
gui_sim_run Ucli -exe ./simv -args {-ucligui  } -dir .
gui_list_expand -id  Hier.1   bk_adder_32_tb
gui_list_select -id Hier.1 -current_item_name bk_adder_32_tb.uut -current_item_type Scope  -selected  { bk_adder_32_tb.uut   }
gui_list_select -id Data.1 -selected  { {bk_adder_32_tb.uut.sum[31:0]}   }
gui_list_select_all -id Data.1
gui_open_window Wave
gui_list_add -id Wave.1 -from Data.1 { {bk_adder_32_tb.uut.a[31:0]} {bk_adder_32_tb.uut.b[31:0]} bk_adder_32_tb.uut.cin {bk_adder_32_tb.uut.sum[31:0]} bk_adder_32_tb.uut.cout bk_adder_32_tb.uut.w1 bk_adder_32_tb.uut.w2 bk_adder_32_tb.uut.w3 bk_adder_32_tb.uut.w4 bk_adder_32_tb.uut.w5 bk_adder_32_tb.uut.w6 bk_adder_32_tb.uut.w7 bk_adder_32_tb.uut.w8 bk_adder_32_tb.uut.w9 bk_adder_32_tb.uut.w10 bk_adder_32_tb.uut.w11 bk_adder_32_tb.uut.w12 bk_adder_32_tb.uut.w13 bk_adder_32_tb.uut.w14 bk_adder_32_tb.uut.w15 bk_adder_32_tb.uut.w16 bk_adder_32_tb.uut.w17 bk_adder_32_tb.uut.w18 bk_adder_32_tb.uut.w19 bk_adder_32_tb.uut.w20 bk_adder_32_tb.uut.w21 bk_adder_32_tb.uut.w22 bk_adder_32_tb.uut.w23 bk_adder_32_tb.uut.w24 bk_adder_32_tb.uut.w25 bk_adder_32_tb.uut.w26 bk_adder_32_tb.uut.w27 bk_adder_32_tb.uut.w28 bk_adder_32_tb.uut.w29 bk_adder_32_tb.uut.w30 bk_adder_32_tb.uut.w31 } -insertionbar
gui_list_select -id Hier.1 -current_item_name bk_adder_32_tb -current_item_type Scope  -selected  { bk_adder_32_tb   }
gui_list_select -id Data.1 -selected  { bk_adder_32_tb.cin   }
gui_list_select_all -id Data.1
gui_list_add -id Wave.1 -from Data.1 { {bk_adder_32_tb.sum[31:0]} bk_adder_32_tb.cout {bk_adder_32_tb.a[31:0]} {bk_adder_32_tb.b[31:0]} bk_adder_32_tb.cin } -insertionbar
gui_wv_zoom_timerange -id  Wave.1 0 337
gui_sim_continue  
gui_zoom -window Wave.1 -full
gui_list_select -id Wave.1 -selected  { {bk_adder_32_tb.uut.sum[31:0]}   }
gui_list_set_selected_property -id Wave.1 -radix decimal
gui_list_select -id Wave.1 -selected  { {bk_adder_32_tb.uut.b[31:0]}   }
gui_list_set_selected_property -id Wave.1 -radix decimal
gui_list_select -id Wave.1 -selected  { {bk_adder_32_tb.uut.sum[31:0]}   }
gui_list_set_selected_property -id Wave.1 -radix decimal
gui_list_select -id Wave.1 -selected  { {bk_adder_32_tb.uut.a[31:0]}   }
gui_list_set_selected_property -id Wave.1 -radix decimal
gui_list_select -id Wave.1 -selected  { Group1   }
gui_close_window -window TopLevel.2
